<?xml version="1.0" encoding="UTF-8"?>
<robot generator="Robot 6.1.1 (Python 3.12.2 on win32)" generated="20240826 21:42:21.430" rpa="false" schemaversion="4">
<suite id="s1" name="Login" source="C:\Users\Priti\Desktop\Execution_Demo\Execution_Demo\Mobile\Android\KC\TestCases\Login">
<suite id="s1-s1" name="Already Registered User Test" source="C:\Users\Priti\Desktop\Execution_Demo\Execution_Demo\Mobile\Android\KC\TestCases\Login\already_registered_user_test.robot">
<test id="s1-s1-t1" name="TC-01 Verify valid indian mobile number" line="23">
<kw name="Open Application On Lamda Test" library="login_keywords" type="SETUP">
<kw name="Open Application" library="AppiumLibrary">
<arg>${LT_REMOTE_URL}</arg>
<arg>deviceName=${deviceName}</arg>
<arg>platformVersion=${platformVersion}</arg>
<arg>platformName=${PLATFORM_NAME}</arg>
<arg>isRealMobile=true</arg>
<arg>app=${app}</arg>
<arg>build=Android_Build_1</arg>
<arg>name=LT_Demo</arg>
<arg>automationName=UiAutomator2</arg>
<doc>Opens a new application to given Appium server.
Capabilities of appium server, Android and iOS,
Please check https://github.com/appium/appium/blob/master/docs/en/writing-running-appium/server-args.md
| *Option*            | *Man.* | *Description*     |
| remote_url          | Yes    | Appium server url |
| alias               | no     | alias             |
| strict_ssl          | No     | allows you to send commands to an invalid certificate host like a self-signed one. |</doc>
<status status="PASS" starttime="20240826 21:42:26.044" endtime="20240826 21:42:41.279"/>
</kw>
<status status="PASS" starttime="20240826 21:42:26.044" endtime="20240826 21:42:41.279"/>
</kw>
<kw name="Fetch Data By Id" library="user_keywords">
<var>&amp;{login_data}</var>
<arg>${already_registered_user_td}</arg>
<arg>1</arg>
<msg timestamp="20240826 21:42:41.304" level="INFO">&amp;{login_data} = { id=1 | mob_number=7100000011 | otp=123456 | refferal_code=AHZ8QVKUNVOX32 | None=None }</msg>
<status status="PASS" starttime="20240826 21:42:41.279" endtime="20240826 21:42:41.304"/>
</kw>
<kw name="Verify Login Screen" library="login_keywords">
<kw name="Wait Until Element Is Visible" library="AppiumLibrary">
<arg>${login_view}</arg>
<arg>timeout=120</arg>
<doc>Waits until element specified with `locator` is visible.</doc>
<msg timestamp="20240826 21:42:47.701" level="INFO">xpath criteria: //android.widget.ScrollView/android.view.ViewGroup
xpath criteria: //android.widget.ScrollView/android.view.ViewGroup
xpath criteria: //android.widget.ScrollView/android.view.ViewGroup
xpath criteria: //android.widget.ScrollView/android.view.ViewGroup
xpath criteria: //android.widget.ScrollView/android.view.ViewGroup
xpath criteria: //android.widget.ScrollView/android.view.ViewGroup
xpath criteria: //android.widget.ScrollView/android.view.ViewGroup
xpath criteria: //android.widget.ScrollView/android.view.ViewGroup
xpath criteria: //android.widget.ScrollView/android.view.ViewGroup
xpath criteria: //android.widget.ScrollView/android.view.ViewGroup
xpath criteria: //android.widget.ScrollView/android.view.ViewGroup
xpath criteria: //android.widget.ScrollView/android.view.ViewGroup
xpath criteria: //android.widget.ScrollView/android.view.ViewGroup
xpath criteria: //android.widget.ScrollView/android.view.ViewGroup
xpath criteria: //android.widget.ScrollView/android.view.ViewGroup
xpath criteria: //android.widget.ScrollView/android.view.ViewGroup</msg>
<status status="PASS" starttime="20240826 21:42:41.305" endtime="20240826 21:42:47.701"/>
</kw>
<status status="PASS" starttime="20240826 21:42:41.305" endtime="20240826 21:42:47.701"/>
</kw>
<kw name="Enter Mobile Number" library="login_keywords">
<arg>${login_data}</arg>
<kw name="Log" library="BuiltIn">
<arg>${user_data}</arg>
<doc>Logs the given message with the given level.</doc>
<msg timestamp="20240826 21:42:47.703" level="INFO">{'id': '1', 'mob_number': '7100000011', 'otp': '123456', 'refferal_code': 'AHZ8QVKUNVOX32', None: None}</msg>
<status status="PASS" starttime="20240826 21:42:47.703" endtime="20240826 21:42:47.703"/>
</kw>
<kw name="Input Text" library="AppiumLibrary">
<arg>${mobile_field}</arg>
<arg>${user_data.mob_number}</arg>
<doc>Types the given `text` into text field identified by `locator`.</doc>
<msg timestamp="20240826 21:42:47.711" level="INFO">Typing text '7100000011' into text field '//android.widget.EditText[@resource-id="com.knightclub.app:id/et_mobile"]'</msg>
<msg timestamp="20240826 21:42:48.062" level="INFO">xpath criteria: //android.widget.EditText[@resource-id="com.knightclub.app:id/et_mobile"]</msg>
<status status="PASS" starttime="20240826 21:42:47.703" endtime="20240826 21:42:48.062"/>
</kw>
<status status="PASS" starttime="20240826 21:42:47.703" endtime="20240826 21:42:48.062"/>
</kw>
<kw name="Click On Request Otp Button" library="login_keywords">
<kw name="Wait Until Element Is Visible" library="AppiumLibrary">
<arg>${request_otp_btn}</arg>
<doc>Waits until element specified with `locator` is visible.</doc>
<msg timestamp="20240826 21:42:48.948" level="INFO">xpath criteria: //android.widget.Button[@text="REQUEST OTP"]</msg>
<status status="PASS" starttime="20240826 21:42:48.064" endtime="20240826 21:42:48.948"/>
</kw>
<kw name="Click Element" library="AppiumLibrary">
<arg>${request_otp_btn}</arg>
<doc>Click element identified by `locator`.</doc>
<msg timestamp="20240826 21:42:48.957" level="INFO">Clicking element '//android.widget.Button[@text="REQUEST OTP"]'.</msg>
<msg timestamp="20240826 21:42:50.323" level="INFO">xpath criteria: //android.widget.Button[@text="REQUEST OTP"]</msg>
<status status="PASS" starttime="20240826 21:42:48.948" endtime="20240826 21:42:50.323"/>
</kw>
<status status="PASS" starttime="20240826 21:42:48.062" endtime="20240826 21:42:50.323"/>
</kw>
<kw name="Check Otp Screen" library="login_keywords">
<kw name="Wait Until Element Is Visible" library="AppiumLibrary">
<arg>${otp_screen}</arg>
<arg>timeout=30</arg>
<doc>Waits until element specified with `locator` is visible.</doc>
<msg timestamp="20240826 21:42:54.208" level="INFO">xpath criteria: //android.widget.LinearLayout[@resource-id="com.knightclub.app:id/inc_otp_verification"]
xpath criteria: //android.widget.LinearLayout[@resource-id="com.knightclub.app:id/inc_otp_verification"]
xpath criteria: //android.widget.LinearLayout[@resource-id="com.knightclub.app:id/inc_otp_verification"]
xpath criteria: //android.widget.LinearLayout[@resource-id="com.knightclub.app:id/inc_otp_verification"]</msg>
<status status="PASS" starttime="20240826 21:42:50.324" endtime="20240826 21:42:54.208"/>
</kw>
<kw name="Element Should Be Visible" library="AppiumLibrary">
<arg>${otp_screen}</arg>
<doc>Verifies that element identified with locator is visible.</doc>
<msg timestamp="20240826 21:42:54.465" level="INFO">xpath criteria: //android.widget.LinearLayout[@resource-id="com.knightclub.app:id/inc_otp_verification"]</msg>
<status status="PASS" starttime="20240826 21:42:54.208" endtime="20240826 21:42:54.465"/>
</kw>
<status status="PASS" starttime="20240826 21:42:50.323" endtime="20240826 21:42:54.465"/>
</kw>
<kw name="Close Application" library="AppiumLibrary" type="TEARDOWN">
<doc>Closes the current application and also close webdriver session.</doc>
<status status="PASS" starttime="20240826 21:42:54.465" endtime="20240826 21:42:54.497"/>
</kw>
<tag>demo</tag>
<status status="PASS" starttime="20240826 21:42:26.044" endtime="20240826 21:42:54.510"/>
</test>
<status status="PASS" starttime="20240826 21:42:21.462" endtime="20240826 21:42:54.510"/>
</suite>
<status status="PASS" starttime="20240826 21:42:21.432" endtime="20240826 21:42:54.514"/>
</suite>
<statistics>
<total>
<stat pass="1" fail="0" skip="0">All Tests</stat>
</total>
<tag>
<stat pass="1" fail="0" skip="0">demo</stat>
</tag>
<suite>
<stat pass="1" fail="0" skip="0" id="s1" name="Login">Login</stat>
<stat pass="1" fail="0" skip="0" id="s1-s1" name="Already Registered User Test">Login.Already Registered User Test</stat>
</suite>
</statistics>
<errors>
</errors>
</robot>
